
RAxML-NG v. 1.2.2-master released on 30.04.2024 by The Exelixis Lab.
Developed by: Alexey M. Kozlov and Alexandros Stamatakis.
Contributors: Diego Darriba, Tomas Flouri, Benoit Morel, Sarah Lutteropp, Ben Bettisworth, Julia Haag, Anastasis Togkousidis.
Latest version: https://github.com/amkozlov/raxml-ng
Questions/problems/suggestions? Please visit: https://groups.google.com/forum/#!forum/raxml

System: AMD Ryzen Threadripper PRO 3955WX 16-Cores, 16 cores, 125 GB RAM

RAxML-NG was called at 18-Mar-2026 15:46:04 as follows:

/home/tomi/data/raxml-ng/raxml-ng/bin/raxml-ng --rfdist --tree all_three_rooted.tre --prefix RF_three_trees

Analysis options:
  run mode: RF distance computation
  start tree(s): user
  random seed: 1773866764
  SIMD kernels: AVX2
  parallelization: coarse-grained (auto), PTHREADS (auto)

Reading input trees from file: all_three_rooted.tre
Loaded 3 trees with 39 taxa.

Average absolute RF distance in this tree set: 0.000000
Average relative RF distance in this tree set: 0.000000
Number of unique topologies in this tree set: 1

Pairwise RF distances saved to: /data/tomi/projectOne/CorrectedInformationTheory/RF_three_trees.raxml.rfDistances

Execution log saved to: /data/tomi/projectOne/CorrectedInformationTheory/RF_three_trees.raxml.log

Analysis started: 18-Mar-2026 15:46:04 / finished: 18-Mar-2026 15:46:04

Elapsed time: 0.002 seconds

